2025-01-17T00:00:39.722+02:00  INFO 6915 --- [manga-ln-app] [restartedMain] c.e.s.m.MangaLnAppApplication            : Starting MangaLnAppApplication using Java 21.0.2 with PID 6915 (/home/simeon/PersonalProjects/GradProject/mobile-manga-ln-app/backend/manga-ln-app/target/classes started by simeon in /home/simeon/PersonalProjects/GradProject/mobile-manga-ln-app/backend/manga-ln-app)
2025-01-17T00:00:39.754+02:00 DEBUG 6915 --- [manga-ln-app] [restartedMain] c.e.s.m.MangaLnAppApplication            : Running with Spring Boot v3.3.5, Spring v6.1.14
2025-01-17T00:00:39.755+02:00  INFO 6915 --- [manga-ln-app] [restartedMain] c.e.s.m.MangaLnAppApplication            : No active profile set, falling back to 1 default profile: "default"
2025-01-17T00:00:39.896+02:00  INFO 6915 --- [manga-ln-app] [restartedMain] .e.DevToolsPropertyDefaultsPostProcessor : Devtools property defaults active! Set 'spring.devtools.add-properties' to 'false' to disable
2025-01-17T00:00:39.897+02:00  INFO 6915 --- [manga-ln-app] [restartedMain] .e.DevToolsPropertyDefaultsPostProcessor : For additional web related logging consider setting the 'logging.level.web' property to 'DEBUG'
2025-01-17T00:00:41.493+02:00  INFO 6915 --- [manga-ln-app] [restartedMain] .s.d.r.c.RepositoryConfigurationDelegate : Multiple Spring Data modules found, entering strict repository configuration mode
2025-01-17T00:00:41.496+02:00  INFO 6915 --- [manga-ln-app] [restartedMain] .s.d.r.c.RepositoryConfigurationDelegate : Bootstrapping Spring Data JDBC repositories in DEFAULT mode.
2025-01-17T00:00:41.616+02:00  INFO 6915 --- [manga-ln-app] [restartedMain] .RepositoryConfigurationExtensionSupport : Spring Data JDBC - Could not safely identify store assignment for repository candidate interface com.example.simeon.manga_ln_app.repository.CommentBetaRepository; If you want this repository to be a JDBC repository, consider annotating your entities with one of these annotations: org.springframework.data.relational.core.mapping.Table.
2025-01-17T00:00:41.622+02:00  INFO 6915 --- [manga-ln-app] [restartedMain] .RepositoryConfigurationExtensionSupport : Spring Data JDBC - Could not safely identify store assignment for repository candidate interface com.example.simeon.manga_ln_app.repository.CommentRepository; If you want this repository to be a JDBC repository, consider annotating your entities with one of these annotations: org.springframework.data.relational.core.mapping.Table.
2025-01-17T00:00:41.629+02:00  INFO 6915 --- [manga-ln-app] [restartedMain] .RepositoryConfigurationExtensionSupport : Spring Data JDBC - Could not safely identify store assignment for repository candidate interface com.example.simeon.manga_ln_app.repository.ContentBetaRepository; If you want this repository to be a JDBC repository, consider annotating your entities with one of these annotations: org.springframework.data.relational.core.mapping.Table.
2025-01-17T00:00:41.634+02:00  INFO 6915 --- [manga-ln-app] [restartedMain] .RepositoryConfigurationExtensionSupport : Spring Data JDBC - Could not safely identify store assignment for repository candidate interface com.example.simeon.manga_ln_app.repository.ContentRepository; If you want this repository to be a JDBC repository, consider annotating your entities with one of these annotations: org.springframework.data.relational.core.mapping.Table.
2025-01-17T00:00:41.637+02:00  INFO 6915 --- [manga-ln-app] [restartedMain] .RepositoryConfigurationExtensionSupport : Spring Data JDBC - Could not safely identify store assignment for repository candidate interface com.example.simeon.manga_ln_app.repository.UserRepository; If you want this repository to be a JDBC repository, consider annotating your entities with one of these annotations: org.springframework.data.relational.core.mapping.Table.
2025-01-17T00:00:41.638+02:00  INFO 6915 --- [manga-ln-app] [restartedMain] .s.d.r.c.RepositoryConfigurationDelegate : Finished Spring Data repository scanning in 135 ms. Found 0 JDBC repository interfaces.
2025-01-17T00:00:41.672+02:00  INFO 6915 --- [manga-ln-app] [restartedMain] .s.d.r.c.RepositoryConfigurationDelegate : Multiple Spring Data modules found, entering strict repository configuration mode
2025-01-17T00:00:41.674+02:00  INFO 6915 --- [manga-ln-app] [restartedMain] .s.d.r.c.RepositoryConfigurationDelegate : Bootstrapping Spring Data JPA repositories in DEFAULT mode.
2025-01-17T00:00:41.771+02:00  INFO 6915 --- [manga-ln-app] [restartedMain] .s.d.r.c.RepositoryConfigurationDelegate : Finished Spring Data repository scanning in 89 ms. Found 5 JPA repository interfaces.
2025-01-17T00:00:42.920+02:00  INFO 6915 --- [manga-ln-app] [restartedMain] o.s.b.w.embedded.tomcat.TomcatWebServer  : Tomcat initialized with port 8080 (http)
2025-01-17T00:00:42.947+02:00  INFO 6915 --- [manga-ln-app] [restartedMain] o.apache.catalina.core.StandardService   : Starting service [Tomcat]
2025-01-17T00:00:42.947+02:00  INFO 6915 --- [manga-ln-app] [restartedMain] o.apache.catalina.core.StandardEngine    : Starting Servlet engine: [Apache Tomcat/10.1.31]
2025-01-17T00:00:43.018+02:00  INFO 6915 --- [manga-ln-app] [restartedMain] o.a.c.c.C.[Tomcat].[localhost].[/]       : Initializing Spring embedded WebApplicationContext
2025-01-17T00:00:43.018+02:00  INFO 6915 --- [manga-ln-app] [restartedMain] w.s.c.ServletWebServerApplicationContext : Root WebApplicationContext: initialization completed in 3120 ms
2025-01-17T00:00:43.267+02:00  INFO 6915 --- [manga-ln-app] [restartedMain] o.hibernate.jpa.internal.util.LogHelper  : HHH000204: Processing PersistenceUnitInfo [name: default]
2025-01-17T00:00:43.319+02:00  INFO 6915 --- [manga-ln-app] [restartedMain] org.hibernate.Version                    : HHH000412: Hibernate ORM core version 6.5.3.Final
2025-01-17T00:00:43.356+02:00  INFO 6915 --- [manga-ln-app] [restartedMain] o.h.c.internal.RegionFactoryInitiator    : HHH000026: Second-level cache disabled
2025-01-17T00:00:43.714+02:00  INFO 6915 --- [manga-ln-app] [restartedMain] o.s.o.j.p.SpringPersistenceUnitInfo      : No LoadTimeWeaver setup: ignoring JPA class transformer
2025-01-17T00:00:43.747+02:00  INFO 6915 --- [manga-ln-app] [restartedMain] com.zaxxer.hikari.HikariDataSource       : HikariPool-1 - Starting...
2025-01-17T00:00:44.535+02:00  INFO 6915 --- [manga-ln-app] [restartedMain] com.zaxxer.hikari.pool.HikariPool        : HikariPool-1 - Added connection org.postgresql.jdbc.PgConnection@697b8032
2025-01-17T00:00:44.537+02:00  INFO 6915 --- [manga-ln-app] [restartedMain] com.zaxxer.hikari.HikariDataSource       : HikariPool-1 - Start completed.
2025-01-17T00:00:46.100+02:00  INFO 6915 --- [manga-ln-app] [restartedMain] o.h.e.t.j.p.i.JtaPlatformInitiator       : HHH000489: No JTA platform available (set 'hibernate.transaction.jta.platform' to enable JTA platform integration)
2025-01-17T00:00:47.426+02:00  INFO 6915 --- [manga-ln-app] [restartedMain] j.LocalContainerEntityManagerFactoryBean : Initialized JPA EntityManagerFactory for persistence unit 'default'
2025-01-17T00:00:47.854+02:00  INFO 6915 --- [manga-ln-app] [restartedMain] o.s.d.j.r.query.QueryEnhancerFactory     : Hibernate is in classpath; If applicable, HQL parser will be used.
2025-01-17T00:00:48.680+02:00  INFO 6915 --- [manga-ln-app] [restartedMain] o.s.b.d.a.OptionalLiveReloadServer       : LiveReload server is running on port 35729
2025-01-17T00:00:48.717+02:00  INFO 6915 --- [manga-ln-app] [restartedMain] o.s.b.w.embedded.tomcat.TomcatWebServer  : Tomcat started on port 8080 (http) with context path '/'
2025-01-17T00:00:48.729+02:00  INFO 6915 --- [manga-ln-app] [restartedMain] c.e.s.m.MangaLnAppApplication            : Started MangaLnAppApplication in 9.865 seconds (process running for 10.748)
2025-01-17T00:02:59.789+02:00  INFO 6915 --- [manga-ln-app] [http-nio-8080-exec-2] o.a.c.c.C.[Tomcat].[localhost].[/]       : Initializing Spring DispatcherServlet 'dispatcherServlet'
2025-01-17T00:02:59.790+02:00  INFO 6915 --- [manga-ln-app] [http-nio-8080-exec-2] o.s.web.servlet.DispatcherServlet        : Initializing Servlet 'dispatcherServlet'
2025-01-17T00:02:59.794+02:00  INFO 6915 --- [manga-ln-app] [http-nio-8080-exec-2] o.s.web.servlet.DispatcherServlet        : Completed initialization in 4 ms
2025-01-17T00:03:00.368+02:00  WARN 6915 --- [manga-ln-app] [http-nio-8080-exec-2] .m.m.a.ExceptionHandlerExceptionResolver : Resolved [java.lang.IllegalArgumentException: Author with username: Yoni does not exist!]
2025-01-17T00:10:22.121+02:00  WARN 6915 --- [manga-ln-app] [http-nio-8080-exec-4] .m.m.a.ExceptionHandlerExceptionResolver : Resolved [java.lang.IllegalArgumentException: Content with ID: 9 does not exist!]
2025-01-17T00:15:04.284+02:00  WARN 6915 --- [manga-ln-app] [http-nio-8080-exec-7] .m.m.a.ExceptionHandlerExceptionResolver : Resolved [java.lang.IllegalArgumentException: Type must be either MANGA or LN!]
2025-01-17T00:15:12.799+02:00  WARN 6915 --- [manga-ln-app] [http-nio-8080-exec-9] .m.m.a.ExceptionHandlerExceptionResolver : Resolved [java.lang.IllegalArgumentException: Type must be either MANGA or LN!]
2025-01-17T00:15:17.481+02:00  WARN 6915 --- [manga-ln-app] [http-nio-8080-exec-1] .m.m.a.ExceptionHandlerExceptionResolver : Resolved [java.lang.IllegalArgumentException: Type must be either MANGA or LN!]
2025-01-17T00:15:20.540+02:00  WARN 6915 --- [manga-ln-app] [http-nio-8080-exec-4] .m.m.a.ExceptionHandlerExceptionResolver : Resolved [java.lang.IllegalArgumentException: Type must be either MANGA or LN!]
2025-01-17T00:27:08.121+02:00  INFO 6915 --- [manga-ln-app] [SpringApplicationShutdownHook] j.LocalContainerEntityManagerFactoryBean : Closing JPA EntityManagerFactory for persistence unit 'default'
2025-01-17T00:27:08.146+02:00  INFO 6915 --- [manga-ln-app] [SpringApplicationShutdownHook] com.zaxxer.hikari.HikariDataSource       : HikariPool-1 - Shutdown initiated...
2025-01-17T00:27:08.531+02:00  INFO 6915 --- [manga-ln-app] [SpringApplicationShutdownHook] com.zaxxer.hikari.HikariDataSource       : HikariPool-1 - Shutdown completed.
2025-01-17T00:27:14.787+02:00  INFO 9158 --- [manga-ln-app] [restartedMain] c.e.s.m.MangaLnAppApplication            : Starting MangaLnAppApplication using Java 21.0.2 with PID 9158 (/home/simeon/PersonalProjects/GradProject/mobile-manga-ln-app/backend/manga-ln-app/target/classes started by simeon in /home/simeon/PersonalProjects/GradProject/mobile-manga-ln-app/backend/manga-ln-app)
2025-01-17T00:27:14.793+02:00 DEBUG 9158 --- [manga-ln-app] [restartedMain] c.e.s.m.MangaLnAppApplication            : Running with Spring Boot v3.3.5, Spring v6.1.14
2025-01-17T00:27:14.803+02:00  INFO 9158 --- [manga-ln-app] [restartedMain] c.e.s.m.MangaLnAppApplication            : No active profile set, falling back to 1 default profile: "default"
2025-01-17T00:27:14.978+02:00  INFO 9158 --- [manga-ln-app] [restartedMain] .e.DevToolsPropertyDefaultsPostProcessor : Devtools property defaults active! Set 'spring.devtools.add-properties' to 'false' to disable
2025-01-17T00:27:14.979+02:00  INFO 9158 --- [manga-ln-app] [restartedMain] .e.DevToolsPropertyDefaultsPostProcessor : For additional web related logging consider setting the 'logging.level.web' property to 'DEBUG'
2025-01-17T00:27:16.567+02:00  INFO 9158 --- [manga-ln-app] [restartedMain] .s.d.r.c.RepositoryConfigurationDelegate : Multiple Spring Data modules found, entering strict repository configuration mode
2025-01-17T00:27:16.570+02:00  INFO 9158 --- [manga-ln-app] [restartedMain] .s.d.r.c.RepositoryConfigurationDelegate : Bootstrapping Spring Data JDBC repositories in DEFAULT mode.
2025-01-17T00:27:16.672+02:00  INFO 9158 --- [manga-ln-app] [restartedMain] .RepositoryConfigurationExtensionSupport : Spring Data JDBC - Could not safely identify store assignment for repository candidate interface com.example.simeon.manga_ln_app.repository.CommentBetaRepository; If you want this repository to be a JDBC repository, consider annotating your entities with one of these annotations: org.springframework.data.relational.core.mapping.Table.
2025-01-17T00:27:16.675+02:00  INFO 9158 --- [manga-ln-app] [restartedMain] .RepositoryConfigurationExtensionSupport : Spring Data JDBC - Could not safely identify store assignment for repository candidate interface com.example.simeon.manga_ln_app.repository.CommentRepository; If you want this repository to be a JDBC repository, consider annotating your entities with one of these annotations: org.springframework.data.relational.core.mapping.Table.
2025-01-17T00:27:16.677+02:00  INFO 9158 --- [manga-ln-app] [restartedMain] .RepositoryConfigurationExtensionSupport : Spring Data JDBC - Could not safely identify store assignment for repository candidate interface com.example.simeon.manga_ln_app.repository.ContentBetaRepository; If you want this repository to be a JDBC repository, consider annotating your entities with one of these annotations: org.springframework.data.relational.core.mapping.Table.
2025-01-17T00:27:16.679+02:00  INFO 9158 --- [manga-ln-app] [restartedMain] .RepositoryConfigurationExtensionSupport : Spring Data JDBC - Could not safely identify store assignment for repository candidate interface com.example.simeon.manga_ln_app.repository.ContentRepository; If you want this repository to be a JDBC repository, consider annotating your entities with one of these annotations: org.springframework.data.relational.core.mapping.Table.
2025-01-17T00:27:16.681+02:00  INFO 9158 --- [manga-ln-app] [restartedMain] .RepositoryConfigurationExtensionSupport : Spring Data JDBC - Could not safely identify store assignment for repository candidate interface com.example.simeon.manga_ln_app.repository.UserRepository; If you want this repository to be a JDBC repository, consider annotating your entities with one of these annotations: org.springframework.data.relational.core.mapping.Table.
2025-01-17T00:27:16.683+02:00  INFO 9158 --- [manga-ln-app] [restartedMain] .s.d.r.c.RepositoryConfigurationDelegate : Finished Spring Data repository scanning in 103 ms. Found 0 JDBC repository interfaces.
2025-01-17T00:27:16.712+02:00  INFO 9158 --- [manga-ln-app] [restartedMain] .s.d.r.c.RepositoryConfigurationDelegate : Multiple Spring Data modules found, entering strict repository configuration mode
2025-01-17T00:27:16.716+02:00  INFO 9158 --- [manga-ln-app] [restartedMain] .s.d.r.c.RepositoryConfigurationDelegate : Bootstrapping Spring Data JPA repositories in DEFAULT mode.
2025-01-17T00:27:16.801+02:00  INFO 9158 --- [manga-ln-app] [restartedMain] .s.d.r.c.RepositoryConfigurationDelegate : Finished Spring Data repository scanning in 76 ms. Found 5 JPA repository interfaces.
2025-01-17T00:27:18.399+02:00  INFO 9158 --- [manga-ln-app] [restartedMain] o.s.b.w.embedded.tomcat.TomcatWebServer  : Tomcat initialized with port 8080 (http)
2025-01-17T00:27:18.431+02:00  INFO 9158 --- [manga-ln-app] [restartedMain] o.apache.catalina.core.StandardService   : Starting service [Tomcat]
2025-01-17T00:27:18.432+02:00  INFO 9158 --- [manga-ln-app] [restartedMain] o.apache.catalina.core.StandardEngine    : Starting Servlet engine: [Apache Tomcat/10.1.31]
2025-01-17T00:27:18.547+02:00  INFO 9158 --- [manga-ln-app] [restartedMain] o.a.c.c.C.[Tomcat].[localhost].[/]       : Initializing Spring embedded WebApplicationContext
2025-01-17T00:27:18.551+02:00  INFO 9158 --- [manga-ln-app] [restartedMain] w.s.c.ServletWebServerApplicationContext : Root WebApplicationContext: initialization completed in 3571 ms
2025-01-17T00:27:18.993+02:00  INFO 9158 --- [manga-ln-app] [restartedMain] o.hibernate.jpa.internal.util.LogHelper  : HHH000204: Processing PersistenceUnitInfo [name: default]
2025-01-17T00:27:19.113+02:00  INFO 9158 --- [manga-ln-app] [restartedMain] org.hibernate.Version                    : HHH000412: Hibernate ORM core version 6.5.3.Final
2025-01-17T00:27:19.196+02:00  INFO 9158 --- [manga-ln-app] [restartedMain] o.h.c.internal.RegionFactoryInitiator    : HHH000026: Second-level cache disabled
2025-01-17T00:27:19.769+02:00  INFO 9158 --- [manga-ln-app] [restartedMain] o.s.o.j.p.SpringPersistenceUnitInfo      : No LoadTimeWeaver setup: ignoring JPA class transformer
2025-01-17T00:27:19.818+02:00  INFO 9158 --- [manga-ln-app] [restartedMain] com.zaxxer.hikari.HikariDataSource       : HikariPool-1 - Starting...
2025-01-17T00:27:20.750+02:00  INFO 9158 --- [manga-ln-app] [restartedMain] com.zaxxer.hikari.pool.HikariPool        : HikariPool-1 - Added connection org.postgresql.jdbc.PgConnection@25899d00
2025-01-17T00:27:20.753+02:00  INFO 9158 --- [manga-ln-app] [restartedMain] com.zaxxer.hikari.HikariDataSource       : HikariPool-1 - Start completed.
2025-01-17T00:27:22.489+02:00  INFO 9158 --- [manga-ln-app] [restartedMain] o.h.e.t.j.p.i.JtaPlatformInitiator       : HHH000489: No JTA platform available (set 'hibernate.transaction.jta.platform' to enable JTA platform integration)
2025-01-17T00:27:23.826+02:00  INFO 9158 --- [manga-ln-app] [restartedMain] j.LocalContainerEntityManagerFactoryBean : Initialized JPA EntityManagerFactory for persistence unit 'default'
2025-01-17T00:27:24.352+02:00  INFO 9158 --- [manga-ln-app] [restartedMain] o.s.d.j.r.query.QueryEnhancerFactory     : Hibernate is in classpath; If applicable, HQL parser will be used.
2025-01-17T00:27:25.342+02:00  INFO 9158 --- [manga-ln-app] [restartedMain] o.s.b.d.a.OptionalLiveReloadServer       : LiveReload server is running on port 35729
2025-01-17T00:27:25.391+02:00  INFO 9158 --- [manga-ln-app] [restartedMain] o.s.b.w.embedded.tomcat.TomcatWebServer  : Tomcat started on port 8080 (http) with context path '/'
2025-01-17T00:27:25.407+02:00  INFO 9158 --- [manga-ln-app] [restartedMain] c.e.s.m.MangaLnAppApplication            : Started MangaLnAppApplication in 11.645 seconds (process running for 12.699)
2025-01-17T00:27:34.710+02:00  INFO 9158 --- [manga-ln-app] [http-nio-8080-exec-1] o.a.c.c.C.[Tomcat].[localhost].[/]       : Initializing Spring DispatcherServlet 'dispatcherServlet'
2025-01-17T00:27:34.711+02:00  INFO 9158 --- [manga-ln-app] [http-nio-8080-exec-1] o.s.web.servlet.DispatcherServlet        : Initializing Servlet 'dispatcherServlet'
2025-01-17T00:27:34.714+02:00  INFO 9158 --- [manga-ln-app] [http-nio-8080-exec-1] o.s.web.servlet.DispatcherServlet        : Completed initialization in 3 ms
2025-01-17T00:27:40.827+02:00  WARN 9158 --- [manga-ln-app] [http-nio-8080-exec-3] .m.m.a.ExceptionHandlerExceptionResolver : Resolved [org.springframework.dao.InvalidDataAccessApiUsageException: Argument [MANGA] of type [java.lang.String] did not match parameter type [com.example.simeon.manga_ln_app.models.ContentType (n/a)]]
2025-01-17T00:34:16.342+02:00  INFO 9158 --- [manga-ln-app] [SpringApplicationShutdownHook] j.LocalContainerEntityManagerFactoryBean : Closing JPA EntityManagerFactory for persistence unit 'default'
2025-01-17T00:34:16.352+02:00  INFO 9158 --- [manga-ln-app] [SpringApplicationShutdownHook] com.zaxxer.hikari.HikariDataSource       : HikariPool-1 - Shutdown initiated...
2025-01-17T00:34:16.688+02:00  INFO 9158 --- [manga-ln-app] [SpringApplicationShutdownHook] com.zaxxer.hikari.HikariDataSource       : HikariPool-1 - Shutdown completed.
2025-01-17T00:34:22.415+02:00  INFO 9565 --- [manga-ln-app] [restartedMain] c.e.s.m.MangaLnAppApplication            : Starting MangaLnAppApplication using Java 21.0.2 with PID 9565 (/home/simeon/PersonalProjects/GradProject/mobile-manga-ln-app/backend/manga-ln-app/target/classes started by simeon in /home/simeon/PersonalProjects/GradProject/mobile-manga-ln-app/backend/manga-ln-app)
2025-01-17T00:34:22.419+02:00 DEBUG 9565 --- [manga-ln-app] [restartedMain] c.e.s.m.MangaLnAppApplication            : Running with Spring Boot v3.3.5, Spring v6.1.14
2025-01-17T00:34:22.424+02:00  INFO 9565 --- [manga-ln-app] [restartedMain] c.e.s.m.MangaLnAppApplication            : No active profile set, falling back to 1 default profile: "default"
2025-01-17T00:34:22.599+02:00  INFO 9565 --- [manga-ln-app] [restartedMain] .e.DevToolsPropertyDefaultsPostProcessor : Devtools property defaults active! Set 'spring.devtools.add-properties' to 'false' to disable
2025-01-17T00:34:22.600+02:00  INFO 9565 --- [manga-ln-app] [restartedMain] .e.DevToolsPropertyDefaultsPostProcessor : For additional web related logging consider setting the 'logging.level.web' property to 'DEBUG'
2025-01-17T00:34:24.377+02:00  INFO 9565 --- [manga-ln-app] [restartedMain] .s.d.r.c.RepositoryConfigurationDelegate : Multiple Spring Data modules found, entering strict repository configuration mode
2025-01-17T00:34:24.379+02:00  INFO 9565 --- [manga-ln-app] [restartedMain] .s.d.r.c.RepositoryConfigurationDelegate : Bootstrapping Spring Data JDBC repositories in DEFAULT mode.
2025-01-17T00:34:24.471+02:00  INFO 9565 --- [manga-ln-app] [restartedMain] .RepositoryConfigurationExtensionSupport : Spring Data JDBC - Could not safely identify store assignment for repository candidate interface com.example.simeon.manga_ln_app.repository.CommentBetaRepository; If you want this repository to be a JDBC repository, consider annotating your entities with one of these annotations: org.springframework.data.relational.core.mapping.Table.
2025-01-17T00:34:24.473+02:00  INFO 9565 --- [manga-ln-app] [restartedMain] .RepositoryConfigurationExtensionSupport : Spring Data JDBC - Could not safely identify store assignment for repository candidate interface com.example.simeon.manga_ln_app.repository.CommentRepository; If you want this repository to be a JDBC repository, consider annotating your entities with one of these annotations: org.springframework.data.relational.core.mapping.Table.
2025-01-17T00:34:24.476+02:00  INFO 9565 --- [manga-ln-app] [restartedMain] .RepositoryConfigurationExtensionSupport : Spring Data JDBC - Could not safely identify store assignment for repository candidate interface com.example.simeon.manga_ln_app.repository.ContentBetaRepository; If you want this repository to be a JDBC repository, consider annotating your entities with one of these annotations: org.springframework.data.relational.core.mapping.Table.
2025-01-17T00:34:24.478+02:00  INFO 9565 --- [manga-ln-app] [restartedMain] .RepositoryConfigurationExtensionSupport : Spring Data JDBC - Could not safely identify store assignment for repository candidate interface com.example.simeon.manga_ln_app.repository.ContentRepository; If you want this repository to be a JDBC repository, consider annotating your entities with one of these annotations: org.springframework.data.relational.core.mapping.Table.
2025-01-17T00:34:24.480+02:00  INFO 9565 --- [manga-ln-app] [restartedMain] .RepositoryConfigurationExtensionSupport : Spring Data JDBC - Could not safely identify store assignment for repository candidate interface com.example.simeon.manga_ln_app.repository.UserRepository; If you want this repository to be a JDBC repository, consider annotating your entities with one of these annotations: org.springframework.data.relational.core.mapping.Table.
2025-01-17T00:34:24.481+02:00  INFO 9565 --- [manga-ln-app] [restartedMain] .s.d.r.c.RepositoryConfigurationDelegate : Finished Spring Data repository scanning in 94 ms. Found 0 JDBC repository interfaces.
2025-01-17T00:34:24.519+02:00  INFO 9565 --- [manga-ln-app] [restartedMain] .s.d.r.c.RepositoryConfigurationDelegate : Multiple Spring Data modules found, entering strict repository configuration mode
2025-01-17T00:34:24.524+02:00  INFO 9565 --- [manga-ln-app] [restartedMain] .s.d.r.c.RepositoryConfigurationDelegate : Bootstrapping Spring Data JPA repositories in DEFAULT mode.
2025-01-17T00:34:24.643+02:00  INFO 9565 --- [manga-ln-app] [restartedMain] .s.d.r.c.RepositoryConfigurationDelegate : Finished Spring Data repository scanning in 106 ms. Found 5 JPA repository interfaces.
2025-01-17T00:34:25.959+02:00  INFO 9565 --- [manga-ln-app] [restartedMain] o.s.b.w.embedded.tomcat.TomcatWebServer  : Tomcat initialized with port 8080 (http)
2025-01-17T00:34:25.989+02:00  INFO 9565 --- [manga-ln-app] [restartedMain] o.apache.catalina.core.StandardService   : Starting service [Tomcat]
2025-01-17T00:34:25.992+02:00  INFO 9565 --- [manga-ln-app] [restartedMain] o.apache.catalina.core.StandardEngine    : Starting Servlet engine: [Apache Tomcat/10.1.31]
2025-01-17T00:34:26.094+02:00  INFO 9565 --- [manga-ln-app] [restartedMain] o.a.c.c.C.[Tomcat].[localhost].[/]       : Initializing Spring embedded WebApplicationContext
2025-01-17T00:34:26.095+02:00  INFO 9565 --- [manga-ln-app] [restartedMain] w.s.c.ServletWebServerApplicationContext : Root WebApplicationContext: initialization completed in 3493 ms
2025-01-17T00:34:26.484+02:00  INFO 9565 --- [manga-ln-app] [restartedMain] o.hibernate.jpa.internal.util.LogHelper  : HHH000204: Processing PersistenceUnitInfo [name: default]
2025-01-17T00:34:26.570+02:00  INFO 9565 --- [manga-ln-app] [restartedMain] org.hibernate.Version                    : HHH000412: Hibernate ORM core version 6.5.3.Final
2025-01-17T00:34:26.634+02:00  INFO 9565 --- [manga-ln-app] [restartedMain] o.h.c.internal.RegionFactoryInitiator    : HHH000026: Second-level cache disabled
2025-01-17T00:34:27.211+02:00  INFO 9565 --- [manga-ln-app] [restartedMain] o.s.o.j.p.SpringPersistenceUnitInfo      : No LoadTimeWeaver setup: ignoring JPA class transformer
2025-01-17T00:34:27.255+02:00  INFO 9565 --- [manga-ln-app] [restartedMain] com.zaxxer.hikari.HikariDataSource       : HikariPool-1 - Starting...
2025-01-17T00:34:28.065+02:00  INFO 9565 --- [manga-ln-app] [restartedMain] com.zaxxer.hikari.pool.HikariPool        : HikariPool-1 - Added connection org.postgresql.jdbc.PgConnection@5061a6ba
2025-01-17T00:34:28.067+02:00  INFO 9565 --- [manga-ln-app] [restartedMain] com.zaxxer.hikari.HikariDataSource       : HikariPool-1 - Start completed.
2025-01-17T00:34:29.761+02:00  INFO 9565 --- [manga-ln-app] [restartedMain] o.h.e.t.j.p.i.JtaPlatformInitiator       : HHH000489: No JTA platform available (set 'hibernate.transaction.jta.platform' to enable JTA platform integration)
2025-01-17T00:34:31.066+02:00  INFO 9565 --- [manga-ln-app] [restartedMain] j.LocalContainerEntityManagerFactoryBean : Initialized JPA EntityManagerFactory for persistence unit 'default'
2025-01-17T00:34:31.558+02:00  INFO 9565 --- [manga-ln-app] [restartedMain] o.s.d.j.r.query.QueryEnhancerFactory     : Hibernate is in classpath; If applicable, HQL parser will be used.
2025-01-17T00:34:32.578+02:00  INFO 9565 --- [manga-ln-app] [restartedMain] o.s.b.d.a.OptionalLiveReloadServer       : LiveReload server is running on port 35729
2025-01-17T00:34:32.630+02:00  INFO 9565 --- [manga-ln-app] [restartedMain] o.s.b.w.embedded.tomcat.TomcatWebServer  : Tomcat started on port 8080 (http) with context path '/'
2025-01-17T00:34:32.653+02:00  INFO 9565 --- [manga-ln-app] [restartedMain] c.e.s.m.MangaLnAppApplication            : Started MangaLnAppApplication in 11.19 seconds (process running for 12.198)
2025-01-17T00:34:49.118+02:00  INFO 9565 --- [manga-ln-app] [http-nio-8080-exec-2] o.a.c.c.C.[Tomcat].[localhost].[/]       : Initializing Spring DispatcherServlet 'dispatcherServlet'
2025-01-17T00:34:49.118+02:00  INFO 9565 --- [manga-ln-app] [http-nio-8080-exec-2] o.s.web.servlet.DispatcherServlet        : Initializing Servlet 'dispatcherServlet'
2025-01-17T00:34:49.122+02:00  INFO 9565 --- [manga-ln-app] [http-nio-8080-exec-2] o.s.web.servlet.DispatcherServlet        : Completed initialization in 2 ms
2025-01-17T00:34:49.419+02:00  WARN 9565 --- [manga-ln-app] [http-nio-8080-exec-2] .m.m.a.ExceptionHandlerExceptionResolver : Resolved [org.springframework.dao.InvalidDataAccessApiUsageException: Argument [MANGA] of type [java.lang.String] did not match parameter type [com.example.simeon.manga_ln_app.models.ContentType (n/a)]]
2025-01-17T00:38:34.192+02:00  INFO 9565 --- [manga-ln-app] [SpringApplicationShutdownHook] j.LocalContainerEntityManagerFactoryBean : Closing JPA EntityManagerFactory for persistence unit 'default'
2025-01-17T00:38:34.202+02:00  INFO 9565 --- [manga-ln-app] [SpringApplicationShutdownHook] com.zaxxer.hikari.HikariDataSource       : HikariPool-1 - Shutdown initiated...
2025-01-17T00:38:34.528+02:00  INFO 9565 --- [manga-ln-app] [SpringApplicationShutdownHook] com.zaxxer.hikari.HikariDataSource       : HikariPool-1 - Shutdown completed.
2025-01-17T00:38:40.890+02:00  INFO 9846 --- [manga-ln-app] [restartedMain] c.e.s.m.MangaLnAppApplication            : Starting MangaLnAppApplication using Java 21.0.2 with PID 9846 (/home/simeon/PersonalProjects/GradProject/mobile-manga-ln-app/backend/manga-ln-app/target/classes started by simeon in /home/simeon/PersonalProjects/GradProject/mobile-manga-ln-app/backend/manga-ln-app)
2025-01-17T00:38:40.897+02:00 DEBUG 9846 --- [manga-ln-app] [restartedMain] c.e.s.m.MangaLnAppApplication            : Running with Spring Boot v3.3.5, Spring v6.1.14
2025-01-17T00:38:40.901+02:00  INFO 9846 --- [manga-ln-app] [restartedMain] c.e.s.m.MangaLnAppApplication            : No active profile set, falling back to 1 default profile: "default"
2025-01-17T00:38:41.076+02:00  INFO 9846 --- [manga-ln-app] [restartedMain] .e.DevToolsPropertyDefaultsPostProcessor : Devtools property defaults active! Set 'spring.devtools.add-properties' to 'false' to disable
2025-01-17T00:38:41.077+02:00  INFO 9846 --- [manga-ln-app] [restartedMain] .e.DevToolsPropertyDefaultsPostProcessor : For additional web related logging consider setting the 'logging.level.web' property to 'DEBUG'
2025-01-17T00:38:42.839+02:00  INFO 9846 --- [manga-ln-app] [restartedMain] .s.d.r.c.RepositoryConfigurationDelegate : Multiple Spring Data modules found, entering strict repository configuration mode
2025-01-17T00:38:42.842+02:00  INFO 9846 --- [manga-ln-app] [restartedMain] .s.d.r.c.RepositoryConfigurationDelegate : Bootstrapping Spring Data JDBC repositories in DEFAULT mode.
2025-01-17T00:38:42.912+02:00  INFO 9846 --- [manga-ln-app] [restartedMain] .RepositoryConfigurationExtensionSupport : Spring Data JDBC - Could not safely identify store assignment for repository candidate interface com.example.simeon.manga_ln_app.repository.CommentBetaRepository; If you want this repository to be a JDBC repository, consider annotating your entities with one of these annotations: org.springframework.data.relational.core.mapping.Table.
2025-01-17T00:38:42.914+02:00  INFO 9846 --- [manga-ln-app] [restartedMain] .RepositoryConfigurationExtensionSupport : Spring Data JDBC - Could not safely identify store assignment for repository candidate interface com.example.simeon.manga_ln_app.repository.CommentRepository; If you want this repository to be a JDBC repository, consider annotating your entities with one of these annotations: org.springframework.data.relational.core.mapping.Table.
2025-01-17T00:38:42.917+02:00  INFO 9846 --- [manga-ln-app] [restartedMain] .RepositoryConfigurationExtensionSupport : Spring Data JDBC - Could not safely identify store assignment for repository candidate interface com.example.simeon.manga_ln_app.repository.ContentBetaRepository; If you want this repository to be a JDBC repository, consider annotating your entities with one of these annotations: org.springframework.data.relational.core.mapping.Table.
2025-01-17T00:38:42.920+02:00  INFO 9846 --- [manga-ln-app] [restartedMain] .RepositoryConfigurationExtensionSupport : Spring Data JDBC - Could not safely identify store assignment for repository candidate interface com.example.simeon.manga_ln_app.repository.ContentRepository; If you want this repository to be a JDBC repository, consider annotating your entities with one of these annotations: org.springframework.data.relational.core.mapping.Table.
2025-01-17T00:38:42.942+02:00  INFO 9846 --- [manga-ln-app] [restartedMain] .RepositoryConfigurationExtensionSupport : Spring Data JDBC - Could not safely identify store assignment for repository candidate interface com.example.simeon.manga_ln_app.repository.UserRepository; If you want this repository to be a JDBC repository, consider annotating your entities with one of these annotations: org.springframework.data.relational.core.mapping.Table.
2025-01-17T00:38:42.944+02:00  INFO 9846 --- [manga-ln-app] [restartedMain] .s.d.r.c.RepositoryConfigurationDelegate : Finished Spring Data repository scanning in 93 ms. Found 0 JDBC repository interfaces.
2025-01-17T00:38:42.973+02:00  INFO 9846 --- [manga-ln-app] [restartedMain] .s.d.r.c.RepositoryConfigurationDelegate : Multiple Spring Data modules found, entering strict repository configuration mode
2025-01-17T00:38:42.974+02:00  INFO 9846 --- [manga-ln-app] [restartedMain] .s.d.r.c.RepositoryConfigurationDelegate : Bootstrapping Spring Data JPA repositories in DEFAULT mode.
2025-01-17T00:38:43.045+02:00  INFO 9846 --- [manga-ln-app] [restartedMain] .s.d.r.c.RepositoryConfigurationDelegate : Finished Spring Data repository scanning in 63 ms. Found 5 JPA repository interfaces.
2025-01-17T00:38:44.439+02:00  INFO 9846 --- [manga-ln-app] [restartedMain] o.s.b.w.embedded.tomcat.TomcatWebServer  : Tomcat initialized with port 8080 (http)
2025-01-17T00:38:44.471+02:00  INFO 9846 --- [manga-ln-app] [restartedMain] o.apache.catalina.core.StandardService   : Starting service [Tomcat]
2025-01-17T00:38:44.472+02:00  INFO 9846 --- [manga-ln-app] [restartedMain] o.apache.catalina.core.StandardEngine    : Starting Servlet engine: [Apache Tomcat/10.1.31]
2025-01-17T00:38:44.584+02:00  INFO 9846 --- [manga-ln-app] [restartedMain] o.a.c.c.C.[Tomcat].[localhost].[/]       : Initializing Spring embedded WebApplicationContext
2025-01-17T00:38:44.585+02:00  INFO 9846 --- [manga-ln-app] [restartedMain] w.s.c.ServletWebServerApplicationContext : Root WebApplicationContext: initialization completed in 3507 ms
2025-01-17T00:38:44.977+02:00  INFO 9846 --- [manga-ln-app] [restartedMain] o.hibernate.jpa.internal.util.LogHelper  : HHH000204: Processing PersistenceUnitInfo [name: default]
2025-01-17T00:38:45.073+02:00  INFO 9846 --- [manga-ln-app] [restartedMain] org.hibernate.Version                    : HHH000412: Hibernate ORM core version 6.5.3.Final
2025-01-17T00:38:45.139+02:00  INFO 9846 --- [manga-ln-app] [restartedMain] o.h.c.internal.RegionFactoryInitiator    : HHH000026: Second-level cache disabled
2025-01-17T00:38:45.764+02:00  INFO 9846 --- [manga-ln-app] [restartedMain] o.s.o.j.p.SpringPersistenceUnitInfo      : No LoadTimeWeaver setup: ignoring JPA class transformer
2025-01-17T00:38:45.814+02:00  INFO 9846 --- [manga-ln-app] [restartedMain] com.zaxxer.hikari.HikariDataSource       : HikariPool-1 - Starting...
2025-01-17T00:38:46.604+02:00  INFO 9846 --- [manga-ln-app] [restartedMain] com.zaxxer.hikari.pool.HikariPool        : HikariPool-1 - Added connection org.postgresql.jdbc.PgConnection@748e07c
2025-01-17T00:38:46.606+02:00  INFO 9846 --- [manga-ln-app] [restartedMain] com.zaxxer.hikari.HikariDataSource       : HikariPool-1 - Start completed.
2025-01-17T00:38:48.392+02:00  INFO 9846 --- [manga-ln-app] [restartedMain] o.h.e.t.j.p.i.JtaPlatformInitiator       : HHH000489: No JTA platform available (set 'hibernate.transaction.jta.platform' to enable JTA platform integration)
2025-01-17T00:38:49.660+02:00  INFO 9846 --- [manga-ln-app] [restartedMain] j.LocalContainerEntityManagerFactoryBean : Initialized JPA EntityManagerFactory for persistence unit 'default'
2025-01-17T00:38:50.181+02:00  INFO 9846 --- [manga-ln-app] [restartedMain] o.s.d.j.r.query.QueryEnhancerFactory     : Hibernate is in classpath; If applicable, HQL parser will be used.
2025-01-17T00:38:51.147+02:00  INFO 9846 --- [manga-ln-app] [restartedMain] o.s.b.d.a.OptionalLiveReloadServer       : LiveReload server is running on port 35729
2025-01-17T00:38:51.192+02:00  INFO 9846 --- [manga-ln-app] [restartedMain] o.s.b.w.embedded.tomcat.TomcatWebServer  : Tomcat started on port 8080 (http) with context path '/'
2025-01-17T00:38:51.211+02:00  INFO 9846 --- [manga-ln-app] [restartedMain] c.e.s.m.MangaLnAppApplication            : Started MangaLnAppApplication in 11.239 seconds (process running for 12.231)
2025-01-17T00:43:15.218+02:00  INFO 9846 --- [manga-ln-app] [SpringApplicationShutdownHook] j.LocalContainerEntityManagerFactoryBean : Closing JPA EntityManagerFactory for persistence unit 'default'
2025-01-17T00:43:15.230+02:00  INFO 9846 --- [manga-ln-app] [SpringApplicationShutdownHook] com.zaxxer.hikari.HikariDataSource       : HikariPool-1 - Shutdown initiated...
2025-01-17T00:43:15.560+02:00  INFO 9846 --- [manga-ln-app] [SpringApplicationShutdownHook] com.zaxxer.hikari.HikariDataSource       : HikariPool-1 - Shutdown completed.
2025-01-17T00:43:21.833+02:00  INFO 10083 --- [manga-ln-app] [restartedMain] c.e.s.m.MangaLnAppApplication            : Starting MangaLnAppApplication using Java 21.0.2 with PID 10083 (/home/simeon/PersonalProjects/GradProject/mobile-manga-ln-app/backend/manga-ln-app/target/classes started by simeon in /home/simeon/PersonalProjects/GradProject/mobile-manga-ln-app/backend/manga-ln-app)
2025-01-17T00:43:21.839+02:00 DEBUG 10083 --- [manga-ln-app] [restartedMain] c.e.s.m.MangaLnAppApplication            : Running with Spring Boot v3.3.5, Spring v6.1.14
2025-01-17T00:43:21.843+02:00  INFO 10083 --- [manga-ln-app] [restartedMain] c.e.s.m.MangaLnAppApplication            : No active profile set, falling back to 1 default profile: "default"
2025-01-17T00:43:22.000+02:00  INFO 10083 --- [manga-ln-app] [restartedMain] .e.DevToolsPropertyDefaultsPostProcessor : Devtools property defaults active! Set 'spring.devtools.add-properties' to 'false' to disable
2025-01-17T00:43:22.000+02:00  INFO 10083 --- [manga-ln-app] [restartedMain] .e.DevToolsPropertyDefaultsPostProcessor : For additional web related logging consider setting the 'logging.level.web' property to 'DEBUG'
2025-01-17T00:43:23.651+02:00  INFO 10083 --- [manga-ln-app] [restartedMain] .s.d.r.c.RepositoryConfigurationDelegate : Multiple Spring Data modules found, entering strict repository configuration mode
2025-01-17T00:43:23.654+02:00  INFO 10083 --- [manga-ln-app] [restartedMain] .s.d.r.c.RepositoryConfigurationDelegate : Bootstrapping Spring Data JDBC repositories in DEFAULT mode.
2025-01-17T00:43:23.725+02:00  INFO 10083 --- [manga-ln-app] [restartedMain] .RepositoryConfigurationExtensionSupport : Spring Data JDBC - Could not safely identify store assignment for repository candidate interface com.example.simeon.manga_ln_app.repository.CommentBetaRepository; If you want this repository to be a JDBC repository, consider annotating your entities with one of these annotations: org.springframework.data.relational.core.mapping.Table.
2025-01-17T00:43:23.728+02:00  INFO 10083 --- [manga-ln-app] [restartedMain] .RepositoryConfigurationExtensionSupport : Spring Data JDBC - Could not safely identify store assignment for repository candidate interface com.example.simeon.manga_ln_app.repository.CommentRepository; If you want this repository to be a JDBC repository, consider annotating your entities with one of these annotations: org.springframework.data.relational.core.mapping.Table.
2025-01-17T00:43:23.730+02:00  INFO 10083 --- [manga-ln-app] [restartedMain] .RepositoryConfigurationExtensionSupport : Spring Data JDBC - Could not safely identify store assignment for repository candidate interface com.example.simeon.manga_ln_app.repository.ContentBetaRepository; If you want this repository to be a JDBC repository, consider annotating your entities with one of these annotations: org.springframework.data.relational.core.mapping.Table.
2025-01-17T00:43:23.733+02:00  INFO 10083 --- [manga-ln-app] [restartedMain] .RepositoryConfigurationExtensionSupport : Spring Data JDBC - Could not safely identify store assignment for repository candidate interface com.example.simeon.manga_ln_app.repository.ContentRepository; If you want this repository to be a JDBC repository, consider annotating your entities with one of these annotations: org.springframework.data.relational.core.mapping.Table.
2025-01-17T00:43:23.736+02:00  INFO 10083 --- [manga-ln-app] [restartedMain] .RepositoryConfigurationExtensionSupport : Spring Data JDBC - Could not safely identify store assignment for repository candidate interface com.example.simeon.manga_ln_app.repository.UserRepository; If you want this repository to be a JDBC repository, consider annotating your entities with one of these annotations: org.springframework.data.relational.core.mapping.Table.
2025-01-17T00:43:23.737+02:00  INFO 10083 --- [manga-ln-app] [restartedMain] .s.d.r.c.RepositoryConfigurationDelegate : Finished Spring Data repository scanning in 74 ms. Found 0 JDBC repository interfaces.
2025-01-17T00:43:23.771+02:00  INFO 10083 --- [manga-ln-app] [restartedMain] .s.d.r.c.RepositoryConfigurationDelegate : Multiple Spring Data modules found, entering strict repository configuration mode
2025-01-17T00:43:23.775+02:00  INFO 10083 --- [manga-ln-app] [restartedMain] .s.d.r.c.RepositoryConfigurationDelegate : Bootstrapping Spring Data JPA repositories in DEFAULT mode.
2025-01-17T00:43:23.919+02:00  INFO 10083 --- [manga-ln-app] [restartedMain] .s.d.r.c.RepositoryConfigurationDelegate : Finished Spring Data repository scanning in 109 ms. Found 5 JPA repository interfaces.
2025-01-17T00:43:25.365+02:00  INFO 10083 --- [manga-ln-app] [restartedMain] o.s.b.w.embedded.tomcat.TomcatWebServer  : Tomcat initialized with port 8080 (http)
2025-01-17T00:43:25.395+02:00  INFO 10083 --- [manga-ln-app] [restartedMain] o.apache.catalina.core.StandardService   : Starting service [Tomcat]
2025-01-17T00:43:25.396+02:00  INFO 10083 --- [manga-ln-app] [restartedMain] o.apache.catalina.core.StandardEngine    : Starting Servlet engine: [Apache Tomcat/10.1.31]
2025-01-17T00:43:25.479+02:00  INFO 10083 --- [manga-ln-app] [restartedMain] o.a.c.c.C.[Tomcat].[localhost].[/]       : Initializing Spring embedded WebApplicationContext
2025-01-17T00:43:25.480+02:00  INFO 10083 --- [manga-ln-app] [restartedMain] w.s.c.ServletWebServerApplicationContext : Root WebApplicationContext: initialization completed in 3478 ms
2025-01-17T00:43:25.843+02:00  INFO 10083 --- [manga-ln-app] [restartedMain] o.hibernate.jpa.internal.util.LogHelper  : HHH000204: Processing PersistenceUnitInfo [name: default]
2025-01-17T00:43:25.940+02:00  INFO 10083 --- [manga-ln-app] [restartedMain] org.hibernate.Version                    : HHH000412: Hibernate ORM core version 6.5.3.Final
2025-01-17T00:43:26.017+02:00  INFO 10083 --- [manga-ln-app] [restartedMain] o.h.c.internal.RegionFactoryInitiator    : HHH000026: Second-level cache disabled
2025-01-17T00:43:26.594+02:00  INFO 10083 --- [manga-ln-app] [restartedMain] o.s.o.j.p.SpringPersistenceUnitInfo      : No LoadTimeWeaver setup: ignoring JPA class transformer
2025-01-17T00:43:26.643+02:00  INFO 10083 --- [manga-ln-app] [restartedMain] com.zaxxer.hikari.HikariDataSource       : HikariPool-1 - Starting...
2025-01-17T00:43:27.513+02:00  INFO 10083 --- [manga-ln-app] [restartedMain] com.zaxxer.hikari.pool.HikariPool        : HikariPool-1 - Added connection org.postgresql.jdbc.PgConnection@26a83592
2025-01-17T00:43:27.516+02:00  INFO 10083 --- [manga-ln-app] [restartedMain] com.zaxxer.hikari.HikariDataSource       : HikariPool-1 - Start completed.
2025-01-17T00:43:29.289+02:00  INFO 10083 --- [manga-ln-app] [restartedMain] o.h.e.t.j.p.i.JtaPlatformInitiator       : HHH000489: No JTA platform available (set 'hibernate.transaction.jta.platform' to enable JTA platform integration)
2025-01-17T00:43:30.806+02:00  INFO 10083 --- [manga-ln-app] [restartedMain] j.LocalContainerEntityManagerFactoryBean : Initialized JPA EntityManagerFactory for persistence unit 'default'
2025-01-17T00:43:31.373+02:00  INFO 10083 --- [manga-ln-app] [restartedMain] o.s.d.j.r.query.QueryEnhancerFactory     : Hibernate is in classpath; If applicable, HQL parser will be used.
2025-01-17T00:43:32.393+02:00  INFO 10083 --- [manga-ln-app] [restartedMain] o.s.b.d.a.OptionalLiveReloadServer       : LiveReload server is running on port 35729
2025-01-17T00:43:32.443+02:00  INFO 10083 --- [manga-ln-app] [restartedMain] o.s.b.w.embedded.tomcat.TomcatWebServer  : Tomcat started on port 8080 (http) with context path '/'
2025-01-17T00:43:32.459+02:00  INFO 10083 --- [manga-ln-app] [restartedMain] c.e.s.m.MangaLnAppApplication            : Started MangaLnAppApplication in 11.54 seconds (process running for 12.462)
2025-01-17T00:43:50.729+02:00  INFO 10083 --- [manga-ln-app] [http-nio-8080-exec-1] o.a.c.c.C.[Tomcat].[localhost].[/]       : Initializing Spring DispatcherServlet 'dispatcherServlet'
2025-01-17T00:43:50.730+02:00  INFO 10083 --- [manga-ln-app] [http-nio-8080-exec-1] o.s.web.servlet.DispatcherServlet        : Initializing Servlet 'dispatcherServlet'
2025-01-17T00:43:50.732+02:00  INFO 10083 --- [manga-ln-app] [http-nio-8080-exec-1] o.s.web.servlet.DispatcherServlet        : Completed initialization in 1 ms
2025-01-17T00:44:15.736+02:00  WARN 10083 --- [manga-ln-app] [http-nio-8080-exec-4] .m.m.a.ExceptionHandlerExceptionResolver : Resolved [java.lang.IllegalArgumentException: Type must be either MANGA or LN!]
2025-01-17T00:44:32.836+02:00  INFO 10083 --- [manga-ln-app] [SpringApplicationShutdownHook] j.LocalContainerEntityManagerFactoryBean : Closing JPA EntityManagerFactory for persistence unit 'default'
2025-01-17T00:44:32.842+02:00  INFO 10083 --- [manga-ln-app] [SpringApplicationShutdownHook] com.zaxxer.hikari.HikariDataSource       : HikariPool-1 - Shutdown initiated...
2025-01-17T00:44:33.755+02:00  INFO 10083 --- [manga-ln-app] [SpringApplicationShutdownHook] com.zaxxer.hikari.HikariDataSource       : HikariPool-1 - Shutdown completed.
